<?xml version="1.0" encoding="UTF-8"?>
<!-- Generated by org.testng.reporters.JUnitXMLReporter -->
<testsuite ignored="0" hostname="LAPTOP-RE35JDP4" failures="0" tests="3" name="Test" time="16.515" errors="0" timestamp="2024-02-26T23:20:29 IST">
  <testcase classname="Axis.QA.ParallelTesting" name="InvokeEdge" time="9.05"/>
  <testcase classname="Axis.QA.ParallelTesting" name="InvokeCrome" time="9.988"/>
  <testcase classname="Axis.QA.ParameterTesting" name="parameterizedtest" time="7.397"/>
</testsuite> <!-- Test -->
