<?xml version="1.0" encoding="UTF-8"?>
<!-- Generated by org.testng.reporters.JUnitXMLReporter -->
<testsuite ignored="0" hostname="LAPTOP-AVB2L64G" failures="0" tests="4" name="Default test" time="0.074" errors="0" timestamp="2024-02-27T10:54:37 IST">
  <testcase classname="TestNG.AnnotationsEg" name="testcase1" time="0.005"/>
  <testcase classname="TestNG.AnnotationsEg" name="testcase2" time="0.002"/>
  <testcase classname="TestNG.AnnotationsEg" name="testcase3" time="0.001"/>
  <testcase classname="TestNG.AnnotationsEg" name="testcase4" time="0.0"/>
</testsuite> <!-- Default test -->
